app/build/intermediates/manifest_merge_blame_file/debug/manifest-merger-blame-debug-report.txt
1<?xml version="1.0" encoding="utf-8"?>
2<!--
3 Copyright (C) 2007 The Android Open Source Project
4
5     Licensed under the Apache License, Version 2.0 (the "License");
6     you may not use this file except in compliance with the License.
7     You may obtain a copy of the License at
8
9          http://www.apache.org/licenses/LICENSE-2.0
10
11     Unless required by applicable law or agreed to in writing, software
12     distributed under the License is distributed on an "AS IS" BASIS,
13     WITHOUT WARRANTIES OR CONDITIONS OF ANY KIND, either express or implied.
14     See the License for the specific language governing permissions and
15     limitations under the License.
16-->
17<!--
18 Declare the contents of this Android application.  The namespace
19     attribute brings in the Android platform namespace, and the package
20     supplies a unique name for the application.  When writing your
21     own application, the package name must be changed from "com.example.*"
22     to come from a domain that you own or have control over.
23-->
24<manifest xmlns:android="http://schemas.android.com/apk/res/android"
25    package="com.example.android.notepad" >
26
27    <uses-sdk
28        android:minSdkVersion="14"
28-->src\main\AndroidManifest.xml
29        android:targetSdkVersion="31" />
29-->src\main\AndroidManifest.xml
30
31    <application
31-->src\main\AndroidManifest.xml:26:5-139:19
32        android:debuggable="true"
33        android:icon="@drawable/app_notes"
33-->src\main\AndroidManifest.xml:26:18-52
34        android:label="@string/app_name"
34-->src\main\AndroidManifest.xml:27:9-41
35        android:testOnly="true" >
36        <provider
36-->src\main\AndroidManifest.xml:29:9-33:20
37            android:name="com.example.android.notepad.NotePadProvider"
37-->src\main\AndroidManifest.xml:29:19-49
38            android:authorities="com.google.provider.NotePad"
38-->src\main\AndroidManifest.xml:30:13-62
39            android:exported="false" >
39-->src\main\AndroidManifest.xml:31:13-37
40            <grant-uri-permission android:pathPattern=".*" />
40-->src\main\AndroidManifest.xml:32:13-62
40-->src\main\AndroidManifest.xml:32:35-59
41        </provider>
42
43        <activity
43-->src\main\AndroidManifest.xml:35:9-56:20
44            android:name="com.example.android.notepad.NotesList"
44-->src\main\AndroidManifest.xml:35:19-43
45            android:exported="true"
45-->src\main\AndroidManifest.xml:36:13-36
46            android:label="@string/title_notes_list"
46-->src\main\AndroidManifest.xml:35:44-84
47            android:theme="@android:style/ThemeOverlay.Material.Dark" >
47-->src\main\AndroidManifest.xml:37:13-70
48            <intent-filter>
48-->src\main\AndroidManifest.xml:39:13-42:29
49                <action android:name="android.intent.action.MAIN" />
49-->src\main\AndroidManifest.xml:40:17-69
49-->src\main\AndroidManifest.xml:40:25-66
50
51                <category android:name="android.intent.category.LAUNCHER" />
51-->src\main\AndroidManifest.xml:41:17-77
51-->src\main\AndroidManifest.xml:41:27-74
52            </intent-filter>
53            <intent-filter android:scheme="http" >
53-->src\main\AndroidManifest.xml:43:13-50:29
53-->src\main\AndroidManifest.xml:43:28-49
54                <action android:name="android.intent.action.VIEW" />
54-->src\main\AndroidManifest.xml:45:17-69
54-->src\main\AndroidManifest.xml:45:25-66
55                <action android:name="android.intent.action.EDIT" />
55-->src\main\AndroidManifest.xml:46:17-69
55-->src\main\AndroidManifest.xml:46:25-66
56                <action android:name="android.intent.action.PICK" />
56-->src\main\AndroidManifest.xml:47:17-69
56-->src\main\AndroidManifest.xml:47:25-66
57
58                <category android:name="android.intent.category.DEFAULT" />
58-->src\main\AndroidManifest.xml:48:17-76
58-->src\main\AndroidManifest.xml:48:27-73
59
60                <data android:mimeType="vnd.android.cursor.dir/vnd.google.note" />
60-->src\main\AndroidManifest.xml:49:17-83
60-->src\main\AndroidManifest.xml:49:23-80
61            </intent-filter>
62            <intent-filter>
62-->src\main\AndroidManifest.xml:51:13-55:29
63                <action android:name="android.intent.action.GET_CONTENT" />
63-->src\main\AndroidManifest.xml:52:17-76
63-->src\main\AndroidManifest.xml:52:25-73
64
65                <category android:name="android.intent.category.DEFAULT" />
65-->src\main\AndroidManifest.xml:48:17-76
65-->src\main\AndroidManifest.xml:48:27-73
66
67                <data android:mimeType="vnd.android.cursor.item/vnd.google.note" />
67-->src\main\AndroidManifest.xml:49:17-83
67-->src\main\AndroidManifest.xml:49:23-80
68            </intent-filter>
69        </activity>
70        <activity
70-->src\main\AndroidManifest.xml:58:9-91:20
71            android:name="com.example.android.notepad.NoteEditor"
71-->src\main\AndroidManifest.xml:58:19-44
72            android:configChanges="keyboardHidden|orientation"
72-->src\main\AndroidManifest.xml:61:13-63
73            android:exported="true"
73-->src\main\AndroidManifest.xml:62:13-36
74            android:screenOrientation="sensor"
74-->src\main\AndroidManifest.xml:60:13-47
75            android:theme="@android:style/Theme.Holo.Light" >
75-->src\main\AndroidManifest.xml:59:13-60
76
77            <!--
78                 This filter says that we can view or edit the data of
79                 a single note
80                 这个过滤器表示我们可以查看或编辑单个注释的数据
81            -->
82            <intent-filter
82-->src\main\AndroidManifest.xml:66:13-74:29
83                android:label="@string/resolve_edit"
83-->src\main\AndroidManifest.xml:66:28-64
84                android:scheme="http" >
84-->src\main\AndroidManifest.xml:67:17-38
85                <action android:name="android.intent.action.VIEW" />
85-->src\main\AndroidManifest.xml:45:17-69
85-->src\main\AndroidManifest.xml:45:25-66
86                <action android:name="android.intent.action.EDIT" />
86-->src\main\AndroidManifest.xml:46:17-69
86-->src\main\AndroidManifest.xml:46:25-66
87                <action android:name="com.android.notepad.action.EDIT_NOTE" />
87-->src\main\AndroidManifest.xml:71:17-79
87-->src\main\AndroidManifest.xml:71:25-76
88
89                <category android:name="android.intent.category.DEFAULT" />
89-->src\main\AndroidManifest.xml:48:17-76
89-->src\main\AndroidManifest.xml:48:27-73
90
91                <data android:mimeType="vnd.android.cursor.item/vnd.google.note" />
91-->src\main\AndroidManifest.xml:49:17-83
91-->src\main\AndroidManifest.xml:49:23-80
92            </intent-filter>
93
94            <!--
95                 This filter says that we can create a new note inside
96                 of a directory of notes.  The INSERT action creates an
97                 empty note; the PASTE action initializes a new note from
98                 the current contents of the clipboard.
99                 这个过滤器表示我们可以在注释目录中创建一个[新注释]。
100                 INSERT操作创建一个[空注释];
101                 PASTE动作从剪贴板的当前内容初始化一个[新注释]。
102            -->
103            <intent-filter>
103-->src\main\AndroidManifest.xml:83:13-89:29
104                <action android:name="android.intent.action.INSERT" />
104-->src\main\AndroidManifest.xml:84:17-71
104-->src\main\AndroidManifest.xml:84:25-68
105                <action android:name="android.intent.action.PASTE" />
105-->src\main\AndroidManifest.xml:85:17-70
105-->src\main\AndroidManifest.xml:85:25-67
106                <!-- <action android:name="android.intent.action.PASTE" /> -->
107                <category android:name="android.intent.category.DEFAULT" />
107-->src\main\AndroidManifest.xml:48:17-76
107-->src\main\AndroidManifest.xml:48:27-73
108
109                <data android:mimeType="vnd.android.cursor.dir/vnd.google.note" />
109-->src\main\AndroidManifest.xml:49:17-83
109-->src\main\AndroidManifest.xml:49:23-80
110            </intent-filter>
111        </activity>
112        <activity
112-->src\main\AndroidManifest.xml:93:9-126:20
113            android:name="com.example.android.notepad.TitleEditor"
113-->src\main\AndroidManifest.xml:93:19-45
114            android:exported="true"
114-->src\main\AndroidManifest.xml:98:13-36
115            android:icon="@drawable/ic_menu_edit"
115-->src\main\AndroidManifest.xml:95:13-50
116            android:label="@string/title_edit_title"
116-->src\main\AndroidManifest.xml:94:13-53
117            android:theme="@android:style/Theme.Holo.Dialog"
117-->src\main\AndroidManifest.xml:96:13-61
118            android:windowSoftInputMode="stateVisible" >
118-->src\main\AndroidManifest.xml:97:13-55
119
120            <!--
121                 This activity implements an alternative action that can be
122                 performed on notes: editing their title.  It can be used as
123                 a default operation if the user invokes this action, and is
124                 available as an alternative action for any note data.
125            -->
126            <intent-filter android:label="@string/resolve_title" >
126-->src\main\AndroidManifest.xml:103:13-118:29
126-->src\main\AndroidManifest.xml:103:28-65
127
128                <!--
129                     This is the action we perform.  It is a custom action we
130                     define for our application, not a generic VIEW or EDIT
131                     action since we are not a general note viewer/editor.
132                -->
133                <action android:name="com.android.notepad.action.EDIT_TITLE" />
133-->src\main\AndroidManifest.xml:107:17-80
133-->src\main\AndroidManifest.xml:107:25-77
134                <!-- DEFAULT: execute if being directly invoked. -->
135                <category android:name="android.intent.category.DEFAULT" />
135-->src\main\AndroidManifest.xml:48:17-76
135-->src\main\AndroidManifest.xml:48:27-73
136                <!--
137                     ALTERNATIVE: show as an alternative action when the user is
138                     working with this type of data.
139                -->
140                <category android:name="android.intent.category.ALTERNATIVE" />
140-->src\main\AndroidManifest.xml:112:17-80
140-->src\main\AndroidManifest.xml:112:27-77
141                <!--
142                     SELECTED_ALTERNATIVE: show as an alternative action the user
143                     can perform when selecting this type of data.
144                -->
145                <category android:name="android.intent.category.SELECTED_ALTERNATIVE" />
145-->src\main\AndroidManifest.xml:115:17-89
145-->src\main\AndroidManifest.xml:115:27-86
146                <!-- This is the data type we operate on. -->
147                <data android:mimeType="vnd.android.cursor.item/vnd.google.note" />
147-->src\main\AndroidManifest.xml:49:17-83
147-->src\main\AndroidManifest.xml:49:23-80
148            </intent-filter>
149            <!-- <intent-filter> -->
150            <!-- <action android:name="android.intent.action.INSERT" /> -->
151            <!-- &lt;!&ndash;                <action android:name="android.intent.action.PASTE" />&ndash;&gt; -->
152            <!-- <action android:name="android.intent.action.PASTE" /> -->
153            <!-- <category android:name="android.intent.category.DEFAULT" /> -->
154            <!-- <data android:mimeType="vnd.android.cursor.dir/vnd.google.note" /> -->
155            <!-- </intent-filter> -->
156        </activity>
157        <activity
157-->src\main\AndroidManifest.xml:128:9-135:20
158            android:name="com.example.android.notepad.NotesLiveFolder"
158-->src\main\AndroidManifest.xml:128:19-49
159            android:exported="true"
159-->src\main\AndroidManifest.xml:130:13-36
160            android:icon="@drawable/live_folder_notes"
160-->src\main\AndroidManifest.xml:129:13-55
161            android:label="@string/live_folder_name" >
161-->src\main\AndroidManifest.xml:128:50-90
162            <intent-filter>
162-->src\main\AndroidManifest.xml:131:13-134:29
163                <action android:name="android.intent.action.CREATE_LIVE_FOLDER" />
163-->src\main\AndroidManifest.xml:132:17-83
163-->src\main\AndroidManifest.xml:132:25-80
164
165                <category android:name="android.intent.category.DEFAULT" />
165-->src\main\AndroidManifest.xml:48:17-76
165-->src\main\AndroidManifest.xml:48:27-73
166            </intent-filter>
167        </activity>
168        <activity
168-->src\main\AndroidManifest.xml:137:9-71
169            android:name="com.example.android.notepad.NoteSearch"
169-->src\main\AndroidManifest.xml:137:19-45
170            android:label="search" />
170-->src\main\AndroidManifest.xml:137:46-68
171    </application>
172
173</manifest>